<?xml version="1.0" encoding="UTF-8"?>
<!-- Generated by org.testng.reporters.JUnitReportReporter -->
<testsuite hostname="Shivi" failures="0" tests="1" name="night.ebayShoes" time="60.551" errors="0" timestamp="2024-07-13T23:07:19 IST" skipped="0">
  <testcase classname="night.ebayShoes" name="tastcase1" time="60.551"/>
</testsuite> <!-- night.ebayShoes -->
